<?xml version="1.0" encoding="UTF-8"?>
<!-- Generated by org.testng.reporters.JUnitReportReporter -->
<testsuite skipped="0" hostname="LAPTOP-QCRURKE4" name="demo.Demos" tests="2" failures="0" timestamp="2021-08-03T11:08:27 IST" time="7.961" errors="0">
  <testcase name="testCase1" time="7.171" classname="demo.Demos"/>
  <system-out/>
  <testcase name="testCase2" time="0.790" classname="demo.Demos"/>
  <system-out/>
</testsuite> <!-- demo.Demos -->
