<?xml version="1.0" encoding="UTF-8"?>
<!-- Generated by org.testng.reporters.JUnitReportReporter -->
<testsuite skipped="1" hostname="LAPTOP-QCRURKE4" name="demo.PostMethodwithBody" tests="4" failures="0" timestamp="2021-08-04T10:36:52 IST" time="16.693" errors="0">
  <testcase name="Login" time="11.348" classname="demo.PostMethodwithBody"/>
  <system-out/>
  <testcase name="getUser" time="3.395" classname="demo.PostMethodwithBody"/>
  <system-out/>
  <testcase name="Delete" time="1.950" classname="demo.PostMethodwithBody"/>
  <system-out/>
  <testcase name="testcase1" classname="demo.PostMethodwithBody">
    <skipped/>
  </testcase> <!-- testcase1 -->
  <system-out/>
</testsuite> <!-- demo.PostMethodwithBody -->
